Trying to override old definition of datatype junit
    [junit] Testsuite: fr.barreverte.VideATest
    [junit] Tests run: 1, Failures: 0, Errors: 0, Time elapsed: 0,109 sec
    [junit] 
    [junit] Testcase: vide took 0,002 sec
Trying to override old definition of datatype junit
    [junit] Testsuite: fr.barreverte.VideBTest
    [junit] Tests run: 1, Failures: 0, Errors: 0, Time elapsed: 0,08 sec
    [junit] 
    [junit] Testcase: vide took 0,002 sec
Trying to override old definition of datatype junit
    [junit] Testsuite: fr.barreverte.VideDTest
    [junit] Tests run: 1, Failures: 0, Errors: 0, Time elapsed: 0,066 sec
    [junit] 
    [junit] Testcase: vide took 0,002 sec
Trying to override old definition of datatype junit
    [junit] Testsuite: fr.barreverte.VideCTest
    [junit] Tests run: 1, Failures: 0, Errors: 0, Time elapsed: 0,067 sec
    [junit] 
    [junit] Testcase: vide took 0,003 sec
(in /home/jpcaruana/src/presentation_buildr/exemple, development)
Cleaning exemple
Testing exemple
Compiling exemple:A into /home/jpcaruana/src/presentation_buildr/exemple/A/target/classes
Compiling exemple:A:test into /home/jpcaruana/src/presentation_buildr/exemple/A/target/test/classes
Running tests in exemple:A
Packaging exemple-A-1.0.0-SNAPSHOT.jar
Compiling exemple:B into /home/jpcaruana/src/presentation_buildr/exemple/B/target/classes
Compiling exemple:D into /home/jpcaruana/src/presentation_buildr/exemple/D/target/classes
Compiling exemple:B:test into /home/jpcaruana/src/presentation_buildr/exemple/B/target/test/classes
Running tests in exemple:B
Packaging exemple-B-1.0.0-SNAPSHOT.jar
Compiling exemple:D:test into /home/jpcaruana/src/presentation_buildr/exemple/D/target/test/classes
Running tests in exemple:D
Packaging exemple-D-1.0.0-SNAPSHOT.jar
Compiling exemple:C into /home/jpcaruana/src/presentation_buildr/exemple/C/target/classes
Testing exemple:A
Testing exemple:B
Testing exemple:C
Compiling exemple:C:test into /home/jpcaruana/src/presentation_buildr/exemple/C/target/test/classes
Running tests in exemple:C
Testing exemple:D
Completed in 5.051s
